c:\users\kasper\desktop\keyauth-imgui-key-login-main\x64\release\vc142.pdb
c:\users\kasper\desktop\keyauth-imgui-key-login-main\x64\release\source.obj
c:\users\kasper\desktop\keyauth-imgui-key-login-main\x64\release\main.obj
c:\users\kasper\desktop\keyauth-imgui-key-login-main\x64\release\imgui_widgets.obj
c:\users\kasper\desktop\keyauth-imgui-key-login-main\x64\release\imgui_tables.obj
c:\users\kasper\desktop\keyauth-imgui-key-login-main\x64\release\imgui_impl_win32.obj
c:\users\kasper\desktop\keyauth-imgui-key-login-main\x64\release\imgui_impl_dx9.obj
c:\users\kasper\desktop\keyauth-imgui-key-login-main\x64\release\imgui_draw.obj
c:\users\kasper\desktop\keyauth-imgui-key-login-main\x64\release\imgui_demo.obj
c:\users\kasper\desktop\keyauth-imgui-key-login-main\x64\release\imgui.obj
c:\users\kasper\desktop\keyauth-imgui-key-login-main\x64\release\example c++ imgui.exe
c:\users\kasper\desktop\keyauth-imgui-key-login-main\x64\release\example c++ imgui.pdb
c:\users\kasper\desktop\keyauth-imgui-key-login-main\x64\release\example c++ imgui.res
c:\users\kasper\desktop\keyauth-imgui-key-login-main\x64\release\example .c9516ca0.tlog\cl.command.1.tlog
c:\users\kasper\desktop\keyauth-imgui-key-login-main\x64\release\example .c9516ca0.tlog\cl.read.1.tlog
c:\users\kasper\desktop\keyauth-imgui-key-login-main\x64\release\example .c9516ca0.tlog\cl.write.1.tlog
c:\users\kasper\desktop\keyauth-imgui-key-login-main\x64\release\example .c9516ca0.tlog\link.command.1.tlog
c:\users\kasper\desktop\keyauth-imgui-key-login-main\x64\release\example .c9516ca0.tlog\link.read.1.tlog
c:\users\kasper\desktop\keyauth-imgui-key-login-main\x64\release\example .c9516ca0.tlog\link.write.1.tlog
c:\users\kasper\desktop\keyauth-imgui-key-login-main\x64\release\example .c9516ca0.tlog\rc.command.1.tlog
c:\users\kasper\desktop\keyauth-imgui-key-login-main\x64\release\example .c9516ca0.tlog\rc.read.1.tlog
c:\users\kasper\desktop\keyauth-imgui-key-login-main\x64\release\example .c9516ca0.tlog\rc.write.1.tlog
