c:\users\kasper\desktop\c++\imgui loader\x64\release\vc142.pdb
c:\users\kasper\desktop\c++\imgui loader\x64\release\source.obj
c:\users\kasper\desktop\c++\imgui loader\x64\release\imgui_widgets.obj
c:\users\kasper\desktop\c++\imgui loader\x64\release\imgui_tables.obj
c:\users\kasper\desktop\c++\imgui loader\x64\release\imgui_impl_win32.obj
c:\users\kasper\desktop\c++\imgui loader\x64\release\imgui_impl_dx9.obj
c:\users\kasper\desktop\c++\imgui loader\x64\release\imgui_draw.obj
c:\users\kasper\desktop\c++\imgui loader\x64\release\imgui_demo.obj
c:\users\kasper\desktop\c++\imgui loader\x64\release\imgui.obj
c:\users\kasper\desktop\c++\imgui loader\x64\release\main.obj
c:\users\kasper\desktop\c++\imgui loader\x64\release\panama loader.exe
c:\users\kasper\desktop\c++\imgui loader\x64\release\panama loader.pdb
c:\users\kasper\desktop\c++\imgui loader\x64\release\example c++ imgui.res
c:\users\kasper\desktop\c++\imgui loader\x64\release\panama loader.tlog\cl.command.1.tlog
c:\users\kasper\desktop\c++\imgui loader\x64\release\panama loader.tlog\cl.read.1.tlog
c:\users\kasper\desktop\c++\imgui loader\x64\release\panama loader.tlog\cl.write.1.tlog
c:\users\kasper\desktop\c++\imgui loader\x64\release\panama loader.tlog\link.command.1.tlog
c:\users\kasper\desktop\c++\imgui loader\x64\release\panama loader.tlog\link.read.1.tlog
c:\users\kasper\desktop\c++\imgui loader\x64\release\panama loader.tlog\link.write.1.tlog
c:\users\kasper\desktop\c++\imgui loader\x64\release\panama loader.tlog\rc.command.1.tlog
c:\users\kasper\desktop\c++\imgui loader\x64\release\panama loader.tlog\rc.read.1.tlog
c:\users\kasper\desktop\c++\imgui loader\x64\release\panama loader.tlog\rc.write.1.tlog
